================================================================================
VERCEL BLOB UPLOAD SCRIPT
================================================================================

✓ Loaded manifest: 548 interactions

Checking existing blobs in storage...
Found 547 existing files in Vercel Blob storage
  - CIF files: 547
  - PAE files: 0

⏭  Skipping CIF files (--pae-only mode)

================================================================================
UPLOADING PAE CONTACT FILES
================================================================================

[1/442] PAE data for interaction 1
  ✓ Uploaded: pae_contacts/1.json (0.09 MB)
    URL: https://rechesvudwvwhwta.public.blob.vercel-storage.com/pae_contacts/1.json
[2/442] PAE data for interaction 2
  ✓ Uploaded: pae_contacts/2.json (0.03 MB)
    URL: https://rechesvudwvwhwta.public.blob.vercel-storage.com/pae_contacts/2.json
[3/442] PAE data for interaction 3
  ✓ Uploaded: pae_contacts/3.json (0.03 MB)
    URL: https://rechesvudwvwhwta.public.blob.vercel-storage.com/pae_contacts/3.json
[4/442] PAE data for interaction 4
  ✓ Uploaded: pae_contacts/4.json (0.02 MB)
    URL: https://rechesvudwvwhwta.public.blob.vercel-storage.com/pae_contacts/4.json
[5/442] PAE data for interaction 5
  ✓ Uploaded: pae_contacts/5.json (0.01 MB)
    URL: https://rechesvudwvwhwta.public.blob.vercel-storage.com/pae_contacts/5.json
[6/442] PAE data for interaction 6
  ✓ Uploaded: pae_contacts/6.json (0.06 MB)
    URL: https://rechesvudwvwhwta.public.blob.vercel-storage.com/pae_contacts/6.json
[7/442] PAE data for interaction 7
  ✓ Uploaded: pae_contacts/7.json (0.03 MB)
    URL: https://rechesvudwvwhwta.public.blob.vercel-storage.com/pae_contacts/7.json
[8/442] PAE data for interaction 8
  ✓ Uploaded: pae_contacts/8.json (0.04 MB)
    URL: https://rechesvudwvwhwta.public.blob.vercel-storage.com/pae_contacts/8.json
[9/442] PAE data for interaction 9
  ✓ Uploaded: pae_contacts/9.json (0.03 MB)
    URL: https://rechesvudwvwhwta.public.blob.vercel-storage.com/pae_contacts/9.json
[10/442] PAE data for interaction 10
  ✓ Uploaded: pae_contacts/10.json (0.02 MB)
    URL: https://rechesvudwvwhwta.public.blob.vercel-storage.com/pae_contacts/10.json
[11/442] PAE data for interaction 11
  ✓ Uploaded: pae_contacts/11.json (0.02 MB)
    URL: https://rechesvudwvwhwta.public.blob.vercel-storage.com/pae_contacts/11.json
[12/442] PAE data for interaction 12
  ✓ Uploaded: pae_contacts/12.json (0.03 MB)
    URL: https://rechesvudwvwhwta.public.blob.vercel-storage.com/pae_contacts/12.json
[13/442] PAE data for interaction 13
  ✓ Uploaded: pae_contacts/13.json (0.01 MB)
    URL: https://rechesvudwvwhwta.public.blob.vercel-storage.com/pae_contacts/13.json
[14/442] PAE data for interaction 14
  ✓ Uploaded: pae_contacts/14.json (0.01 MB)
    URL: https://rechesvudwvwhwta.public.blob.vercel-storage.com/pae_contacts/14.json
[15/442] PAE data for interaction 15
  ✓ Uploaded: pae_contacts/15.json (0.03 MB)
    URL: https://rechesvudwvwhwta.public.blob.vercel-storage.com/pae_contacts/15.json
[16/442] PAE data for interaction 16
  ✓ Uploaded: pae_contacts/16.json (0.04 MB)
    URL: https://rechesvudwvwhwta.public.blob.vercel-storage.com/pae_contacts/16.json
[17/442] PAE data for interaction 17
  ✓ Uploaded: pae_contacts/17.json (0.03 MB)
    URL: https://rechesvudwvwhwta.public.blob.vercel-storage.com/pae_contacts/17.json
[18/442] PAE data for interaction 18
  ✓ Uploaded: pae_contacts/18.json (0.02 MB)
    URL: https://rechesvudwvwhwta.public.blob.vercel-storage.com/pae_contacts/18.json
[19/442] PAE data for interaction 19
  ✓ Uploaded: pae_contacts/19.json (0.02 MB)
    URL: https://rechesvudwvwhwta.public.blob.vercel-storage.com/pae_contacts/19.json
[20/442] PAE data for interaction 20
  ✓ Uploaded: pae_contacts/20.json (0.02 MB)
    URL: https://rechesvudwvwhwta.public.blob.vercel-storage.com/pae_contacts/20.json
[21/442] PAE data for interaction 21
  ✓ Uploaded: pae_contacts/21.json (0.03 MB)
    URL: https://rechesvudwvwhwta.public.blob.vercel-storage.com/pae_contacts/21.json
[22/442] PAE data for interaction 22
  ✓ Uploaded: pae_contacts/22.json (0.05 MB)
    URL: https://rechesvudwvwhwta.public.blob.vercel-storage.com/pae_contacts/22.json
[23/442] PAE data for interaction 23
  ✓ Uploaded: pae_contacts/23.json (0.02 MB)
    URL: https://rechesvudwvwhwta.public.blob.vercel-storage.com/pae_contacts/23.json
[24/442] PAE data for interaction 24
  ✓ Uploaded: pae_contacts/24.json (0.05 MB)
    URL: https://rechesvudwvwhwta.public.blob.vercel-storage.com/pae_contacts/24.json
[25/442] PAE data for interaction 25
  ✓ Uploaded: pae_contacts/25.json (0.03 MB)
    URL: https://rechesvudwvwhwta.public.blob.vercel-storage.com/pae_contacts/25.json
[26/442] PAE data for interaction 26
  ✓ Uploaded: pae_contacts/26.json (0.01 MB)
    URL: https://rechesvudwvwhwta.public.blob.vercel-storage.com/pae_contacts/26.json
[27/442] PAE data for interaction 27
  ✓ Uploaded: pae_contacts/27.json (0.03 MB)
    URL: https://rechesvudwvwhwta.public.blob.vercel-storage.com/pae_contacts/27.json
[28/442] PAE data for interaction 28
  ✓ Uploaded: pae_contacts/28.json (0.01 MB)
    URL: https://rechesvudwvwhwta.public.blob.vercel-storage.com/pae_contacts/28.json
[29/442] PAE data for interaction 29
  ✓ Uploaded: pae_contacts/29.json (0.01 MB)
    URL: https://rechesvudwvwhwta.public.blob.vercel-storage.com/pae_contacts/29.json
[30/442] PAE data for interaction 30
  ✓ Uploaded: pae_contacts/30.json (0.04 MB)
    URL: https://rechesvudwvwhwta.public.blob.vercel-storage.com/pae_contacts/30.json
[31/442] PAE data for interaction 31
  ✓ Uploaded: pae_contacts/31.json (0.03 MB)
    URL: https://rechesvudwvwhwta.public.blob.vercel-storage.com/pae_contacts/31.json
[32/442] PAE data for interaction 32
  ✓ Uploaded: pae_contacts/32.json (0.03 MB)
    URL: https://rechesvudwvwhwta.public.blob.vercel-storage.com/pae_contacts/32.json
[33/442] PAE data for interaction 33
  ✓ Uploaded: pae_contacts/33.json (0.05 MB)
    URL: https://rechesvudwvwhwta.public.blob.vercel-storage.com/pae_contacts/33.json
[34/442] PAE data for interaction 34
  ✓ Uploaded: pae_contacts/34.json (0.03 MB)
    URL: https://rechesvudwvwhwta.public.blob.vercel-storage.com/pae_contacts/34.json
[35/442] PAE data for interaction 35
  ✓ Uploaded: pae_contacts/35.json (0.03 MB)
    URL: https://rechesvudwvwhwta.public.blob.vercel-storage.com/pae_contacts/35.json
[36/442] PAE data for interaction 36
  ✓ Uploaded: pae_contacts/36.json (0.02 MB)
    URL: https://rechesvudwvwhwta.public.blob.vercel-storage.com/pae_contacts/36.json
[37/442] PAE data for interaction 37
  ✓ Uploaded: pae_contacts/37.json (0.01 MB)
    URL: https://rechesvudwvwhwta.public.blob.vercel-storage.com/pae_contacts/37.json
[38/442] PAE data for interaction 38
  ✓ Uploaded: pae_contacts/38.json (0.01 MB)
    URL: https://rechesvudwvwhwta.public.blob.vercel-storage.com/pae_contacts/38.json
[39/442] PAE data for interaction 39
  ✓ Uploaded: pae_contacts/39.json (0.00 MB)
    URL: https://rechesvudwvwhwta.public.blob.vercel-storage.com/pae_contacts/39.json
[40/442] PAE data for interaction 40
  ✓ Uploaded: pae_contacts/40.json (0.05 MB)
    URL: https://rechesvudwvwhwta.public.blob.vercel-storage.com/pae_contacts/40.json
[41/442] PAE data for interaction 41
  ✓ Uploaded: pae_contacts/41.json (0.01 MB)
    URL: https://rechesvudwvwhwta.public.blob.vercel-storage.com/pae_contacts/41.json
[42/442] PAE data for interaction 42
  ✓ Uploaded: pae_contacts/42.json (0.01 MB)
    URL: https://rechesvudwvwhwta.public.blob.vercel-storage.com/pae_contacts/42.json
[43/442] PAE data for interaction 43
  ✓ Uploaded: pae_contacts/43.json (0.01 MB)
    URL: https://rechesvudwvwhwta.public.blob.vercel-storage.com/pae_contacts/43.json
[44/442] PAE data for interaction 44
  ✓ Uploaded: pae_contacts/44.json (0.01 MB)
    URL: https://rechesvudwvwhwta.public.blob.vercel-storage.com/pae_contacts/44.json
[45/442] PAE data for interaction 45
  ✓ Uploaded: pae_contacts/45.json (0.01 MB)
    URL: https://rechesvudwvwhwta.public.blob.vercel-storage.com/pae_contacts/45.json
[46/442] PAE data for interaction 46
  ✓ Uploaded: pae_contacts/46.json (0.03 MB)
    URL: https://rechesvudwvwhwta.public.blob.vercel-storage.com/pae_contacts/46.json
[47/442] PAE data for interaction 47
  ✓ Uploaded: pae_contacts/47.json (0.01 MB)
    URL: https://rechesvudwvwhwta.public.blob.vercel-storage.com/pae_contacts/47.json
[48/442] PAE data for interaction 48
  ✓ Uploaded: pae_contacts/48.json (0.01 MB)
    URL: https://rechesvudwvwhwta.public.blob.vercel-storage.com/pae_contacts/48.json
[49/442] PAE data for interaction 49
  ✓ Uploaded: pae_contacts/49.json (0.02 MB)
    URL: https://rechesvudwvwhwta.public.blob.vercel-storage.com/pae_contacts/49.json
[50/442] PAE data for interaction 50
  ✓ Uploaded: pae_contacts/50.json (0.01 MB)
    URL: https://rechesvudwvwhwta.public.blob.vercel-storage.com/pae_contacts/50.json
[51/442] PAE data for interaction 51
  ✓ Uploaded: pae_contacts/51.json (0.02 MB)
    URL: https://rechesvudwvwhwta.public.blob.vercel-storage.com/pae_contacts/51.json
[52/442] PAE data for interaction 52
  ✓ Uploaded: pae_contacts/52.json (0.06 MB)
    URL: https://rechesvudwvwhwta.public.blob.vercel-storage.com/pae_contacts/52.json
[53/442] PAE data for interaction 53
  ✓ Uploaded: pae_contacts/53.json (0.04 MB)
    URL: https://rechesvudwvwhwta.public.blob.vercel-storage.com/pae_contacts/53.json
[54/442] PAE data for interaction 54
  ✓ Uploaded: pae_contacts/54.json (0.01 MB)
    URL: https://rechesvudwvwhwta.public.blob.vercel-storage.com/pae_contacts/54.json
[55/442] PAE data for interaction 55
  ✓ Uploaded: pae_contacts/55.json (0.01 MB)
    URL: https://rechesvudwvwhwta.public.blob.vercel-storage.com/pae_contacts/55.json
[56/442] PAE data for interaction 56
  ✓ Uploaded: pae_contacts/56.json (0.01 MB)
    URL: https://rechesvudwvwhwta.public.blob.vercel-storage.com/pae_contacts/56.json
[57/442] PAE data for interaction 57
  ✓ Uploaded: pae_contacts/57.json (0.03 MB)
    URL: https://rechesvudwvwhwta.public.blob.vercel-storage.com/pae_contacts/57.json
[58/442] PAE data for interaction 58
  ✓ Uploaded: pae_contacts/58.json (0.01 MB)
    URL: https://rechesvudwvwhwta.public.blob.vercel-storage.com/pae_contacts/58.json
[59/442] PAE data for interaction 59
  ✓ Uploaded: pae_contacts/59.json (0.01 MB)
    URL: https://rechesvudwvwhwta.public.blob.vercel-storage.com/pae_contacts/59.json
[60/442] PAE data for interaction 60
  ✓ Uploaded: pae_contacts/60.json (0.01 MB)
    URL: https://rechesvudwvwhwta.public.blob.vercel-storage.com/pae_contacts/60.json
[61/442] PAE data for interaction 61
  ✓ Uploaded: pae_contacts/61.json (0.01 MB)
    URL: https://rechesvudwvwhwta.public.blob.vercel-storage.com/pae_contacts/61.json
[62/442] PAE data for interaction 62
  ✓ Uploaded: pae_contacts/62.json (0.01 MB)
    URL: https://rechesvudwvwhwta.public.blob.vercel-storage.com/pae_contacts/62.json
[63/442] PAE data for interaction 63
  ✓ Uploaded: pae_contacts/63.json (0.01 MB)
    URL: https://rechesvudwvwhwta.public.blob.vercel-storage.com/pae_contacts/63.json
[64/442] PAE data for interaction 64
  ✓ Uploaded: pae_contacts/64.json (0.01 MB)
    URL: https://rechesvudwvwhwta.public.blob.vercel-storage.com/pae_contacts/64.json
[65/442] PAE data for interaction 65
  ✓ Uploaded: pae_contacts/65.json (0.01 MB)
    URL: https://rechesvudwvwhwta.public.blob.vercel-storage.com/pae_contacts/65.json
[66/442] PAE data for interaction 66
  ✓ Uploaded: pae_contacts/66.json (0.03 MB)
    URL: https://rechesvudwvwhwta.public.blob.vercel-storage.com/pae_contacts/66.json
[67/442] PAE data for interaction 67
  ✓ Uploaded: pae_contacts/67.json (0.01 MB)
    URL: https://rechesvudwvwhwta.public.blob.vercel-storage.com/pae_contacts/67.json
[68/442] PAE data for interaction 68
  ✓ Uploaded: pae_contacts/68.json (0.02 MB)
    URL: https://rechesvudwvwhwta.public.blob.vercel-storage.com/pae_contacts/68.json
[69/442] PAE data for interaction 69
  ✓ Uploaded: pae_contacts/69.json (0.01 MB)
    URL: https://rechesvudwvwhwta.public.blob.vercel-storage.com/pae_contacts/69.json
[70/442] PAE data for interaction 70
  ✓ Uploaded: pae_contacts/70.json (0.02 MB)
    URL: https://rechesvudwvwhwta.public.blob.vercel-storage.com/pae_contacts/70.json
[71/442] PAE data for interaction 71
  ✓ Uploaded: pae_contacts/71.json (0.01 MB)
    URL: https://rechesvudwvwhwta.public.blob.vercel-storage.com/pae_contacts/71.json
[72/442] PAE data for interaction 72
  ✓ Uploaded: pae_contacts/72.json (0.01 MB)
    URL: https://rechesvudwvwhwta.public.blob.vercel-storage.com/pae_contacts/72.json
[73/442] PAE data for interaction 73
  ✓ Uploaded: pae_contacts/73.json (0.01 MB)
    URL: https://rechesvudwvwhwta.public.blob.vercel-storage.com/pae_contacts/73.json
[74/442] PAE data for interaction 74
  ✓ Uploaded: pae_contacts/74.json (0.03 MB)
    URL: https://rechesvudwvwhwta.public.blob.vercel-storage.com/pae_contacts/74.json
[75/442] PAE data for interaction 75
  ✓ Uploaded: pae_contacts/75.json (0.01 MB)
    URL: https://rechesvudwvwhwta.public.blob.vercel-storage.com/pae_contacts/75.json
[76/442] PAE data for interaction 76
  ✓ Uploaded: pae_contacts/76.json (0.01 MB)
    URL: https://rechesvudwvwhwta.public.blob.vercel-storage.com/pae_contacts/76.json
[77/442] PAE data for interaction 77
  ✓ Uploaded: pae_contacts/77.json (0.03 MB)
    URL: https://rechesvudwvwhwta.public.blob.vercel-storage.com/pae_contacts/77.json
[78/442] PAE data for interaction 78
  ✓ Uploaded: pae_contacts/78.json (0.06 MB)
    URL: https://rechesvudwvwhwta.public.blob.vercel-storage.com/pae_contacts/78.json
[79/442] PAE data for interaction 79
  ✓ Uploaded: pae_contacts/79.json (0.04 MB)
    URL: https://rechesvudwvwhwta.public.blob.vercel-storage.com/pae_contacts/79.json
[80/442] PAE data for interaction 80
  ✓ Uploaded: pae_contacts/80.json (0.02 MB)
    URL: https://rechesvudwvwhwta.public.blob.vercel-storage.com/pae_contacts/80.json
[81/442] PAE data for interaction 81
  ✓ Uploaded: pae_contacts/81.json (0.01 MB)
    URL: https://rechesvudwvwhwta.public.blob.vercel-storage.com/pae_contacts/81.json
[82/442] PAE data for interaction 82
  ✓ Uploaded: pae_contacts/82.json (0.01 MB)
    URL: https://rechesvudwvwhwta.public.blob.vercel-storage.com/pae_contacts/82.json
[83/442] PAE data for interaction 83
  ✓ Uploaded: pae_contacts/83.json (0.01 MB)
    URL: https://rechesvudwvwhwta.public.blob.vercel-storage.com/pae_contacts/83.json
[84/442] PAE data for interaction 84
  ✓ Uploaded: pae_contacts/84.json (0.01 MB)
    URL: https://rechesvudwvwhwta.public.blob.vercel-storage.com/pae_contacts/84.json
[85/442] PAE data for interaction 85
  ✓ Uploaded: pae_contacts/85.json (0.01 MB)
    URL: https://rechesvudwvwhwta.public.blob.vercel-storage.com/pae_contacts/85.json
[86/442] PAE data for interaction 86
  ✓ Uploaded: pae_contacts/86.json (0.01 MB)
    URL: https://rechesvudwvwhwta.public.blob.vercel-storage.com/pae_contacts/86.json
[87/442] PAE data for interaction 87
  ✓ Uploaded: pae_contacts/87.json (0.01 MB)
    URL: https://rechesvudwvwhwta.public.blob.vercel-storage.com/pae_contacts/87.json
[88/442] PAE data for interaction 88
  ✓ Uploaded: pae_contacts/88.json (0.02 MB)
    URL: https://rechesvudwvwhwta.public.blob.vercel-storage.com/pae_contacts/88.json
[89/442] PAE data for interaction 89
  ✓ Uploaded: pae_contacts/89.json (0.01 MB)
    URL: https://rechesvudwvwhwta.public.blob.vercel-storage.com/pae_contacts/89.json
[90/442] PAE data for interaction 90
  ✓ Uploaded: pae_contacts/90.json (0.01 MB)
    URL: https://rechesvudwvwhwta.public.blob.vercel-storage.com/pae_contacts/90.json
[91/442] PAE data for interaction 91
  ✓ Uploaded: pae_contacts/91.json (0.01 MB)
    URL: https://rechesvudwvwhwta.public.blob.vercel-storage.com/pae_contacts/91.json
[92/442] PAE data for interaction 92
  ✓ Uploaded: pae_contacts/92.json (0.01 MB)
    URL: https://rechesvudwvwhwta.public.blob.vercel-storage.com/pae_contacts/92.json
[93/442] PAE data for interaction 93
  ✓ Uploaded: pae_contacts/93.json (0.01 MB)
    URL: https://rechesvudwvwhwta.public.blob.vercel-storage.com/pae_contacts/93.json
[94/442] PAE data for interaction 94
  ✓ Uploaded: pae_contacts/94.json (0.02 MB)
    URL: https://rechesvudwvwhwta.public.blob.vercel-storage.com/pae_contacts/94.json
[95/442] PAE data for interaction 95
  ✓ Uploaded: pae_contacts/95.json (0.02 MB)
    URL: https://rechesvudwvwhwta.public.blob.vercel-storage.com/pae_contacts/95.json
[96/442] PAE data for interaction 96
  ✓ Uploaded: pae_contacts/96.json (0.02 MB)
    URL: https://rechesvudwvwhwta.public.blob.vercel-storage.com/pae_contacts/96.json
[97/442] PAE data for interaction 97
  ✓ Uploaded: pae_contacts/97.json (0.01 MB)
    URL: https://rechesvudwvwhwta.public.blob.vercel-storage.com/pae_contacts/97.json
[98/442] PAE data for interaction 98
  ✓ Uploaded: pae_contacts/98.json (0.01 MB)
    URL: https://rechesvudwvwhwta.public.blob.vercel-storage.com/pae_contacts/98.json
[99/442] PAE data for interaction 99
  ✓ Uploaded: pae_contacts/99.json (0.02 MB)
    URL: https://rechesvudwvwhwta.public.blob.vercel-storage.com/pae_contacts/99.json
[100/442] PAE data for interaction 100
  ✓ Uploaded: pae_contacts/100.json (0.01 MB)
    URL: https://rechesvudwvwhwta.public.blob.vercel-storage.com/pae_contacts/100.json
[101/442] PAE data for interaction 101
  ✓ Uploaded: pae_contacts/101.json (0.03 MB)
    URL: https://rechesvudwvwhwta.public.blob.vercel-storage.com/pae_contacts/101.json
[102/442] PAE data for interaction 102
  ✓ Uploaded: pae_contacts/102.json (0.01 MB)
    URL: https://rechesvudwvwhwta.public.blob.vercel-storage.com/pae_contacts/102.json
[103/442] PAE data for interaction 103
  ✓ Uploaded: pae_contacts/103.json (0.01 MB)
    URL: https://rechesvudwvwhwta.public.blob.vercel-storage.com/pae_contacts/103.json
[104/442] PAE data for interaction 104
  ✓ Uploaded: pae_contacts/104.json (0.01 MB)
    URL: https://rechesvudwvwhwta.public.blob.vercel-storage.com/pae_contacts/104.json
[105/442] PAE data for interaction 105
  ✓ Uploaded: pae_contacts/105.json (0.18 MB)
    URL: https://rechesvudwvwhwta.public.blob.vercel-storage.com/pae_contacts/105.json
[106/442] PAE data for interaction 106
  ✓ Uploaded: pae_contacts/106.json (0.01 MB)
    URL: https://rechesvudwvwhwta.public.blob.vercel-storage.com/pae_contacts/106.json
[107/442] PAE data for interaction 107
  ✓ Uploaded: pae_contacts/107.json (0.01 MB)
    URL: https://rechesvudwvwhwta.public.blob.vercel-storage.com/pae_contacts/107.json
[108/442] PAE data for interaction 108
  ✓ Uploaded: pae_contacts/108.json (0.01 MB)
    URL: https://rechesvudwvwhwta.public.blob.vercel-storage.com/pae_contacts/108.json
[109/442] PAE data for interaction 109
  ✓ Uploaded: pae_contacts/109.json (0.01 MB)
    URL: https://rechesvudwvwhwta.public.blob.vercel-storage.com/pae_contacts/109.json
[110/442] PAE data for interaction 110
  ✓ Uploaded: pae_contacts/110.json (0.01 MB)
    URL: https://rechesvudwvwhwta.public.blob.vercel-storage.com/pae_contacts/110.json
[111/442] PAE data for interaction 111
  ✓ Uploaded: pae_contacts/111.json (0.06 MB)
    URL: https://rechesvudwvwhwta.public.blob.vercel-storage.com/pae_contacts/111.json
[112/442] PAE data for interaction 112
  ✓ Uploaded: pae_contacts/112.json (0.01 MB)
    URL: https://rechesvudwvwhwta.public.blob.vercel-storage.com/pae_contacts/112.json
[113/442] PAE data for interaction 113
  ✓ Uploaded: pae_contacts/113.json (0.01 MB)
    URL: https://rechesvudwvwhwta.public.blob.vercel-storage.com/pae_contacts/113.json
[114/442] PAE data for interaction 114
  ✓ Uploaded: pae_contacts/114.json (0.01 MB)
    URL: https://rechesvudwvwhwta.public.blob.vercel-storage.com/pae_contacts/114.json
[115/442] PAE data for interaction 115
  ✓ Uploaded: pae_contacts/115.json (0.01 MB)
    URL: https://rechesvudwvwhwta.public.blob.vercel-storage.com/pae_contacts/115.json
[116/442] PAE data for interaction 116
  ✓ Uploaded: pae_contacts/116.json (0.01 MB)
    URL: https://rechesvudwvwhwta.public.blob.vercel-storage.com/pae_contacts/116.json
[117/442] PAE data for interaction 117
  ✓ Uploaded: pae_contacts/117.json (0.01 MB)
    URL: https://rechesvudwvwhwta.public.blob.vercel-storage.com/pae_contacts/117.json
[118/442] PAE data for interaction 118
  ✓ Uploaded: pae_contacts/118.json (0.01 MB)
    URL: https://rechesvudwvwhwta.public.blob.vercel-storage.com/pae_contacts/118.json
[119/442] PAE data for interaction 119
  ✓ Uploaded: pae_contacts/119.json (0.01 MB)
    URL: https://rechesvudwvwhwta.public.blob.vercel-storage.com/pae_contacts/119.json
[120/442] PAE data for interaction 120
  ✓ Uploaded: pae_contacts/120.json (0.01 MB)
    URL: https://rechesvudwvwhwta.public.blob.vercel-storage.com/pae_contacts/120.json
[121/442] PAE data for interaction 121
  ✓ Uploaded: pae_contacts/121.json (0.01 MB)
    URL: https://rechesvudwvwhwta.public.blob.vercel-storage.com/pae_contacts/121.json
[122/442] PAE data for interaction 122
  ✓ Uploaded: pae_contacts/122.json (0.00 MB)
    URL: https://rechesvudwvwhwta.public.blob.vercel-storage.com/pae_contacts/122.json
[123/442] PAE data for interaction 123
  ✓ Uploaded: pae_contacts/123.json (0.01 MB)
    URL: https://rechesvudwvwhwta.public.blob.vercel-storage.com/pae_contacts/123.json
[124/442] PAE data for interaction 124
  ✓ Uploaded: pae_contacts/124.json (0.01 MB)
    URL: https://rechesvudwvwhwta.public.blob.vercel-storage.com/pae_contacts/124.json
[125/442] PAE data for interaction 125
  ✓ Uploaded: pae_contacts/125.json (0.05 MB)
    URL: https://rechesvudwvwhwta.public.blob.vercel-storage.com/pae_contacts/125.json
[126/442] PAE data for interaction 126
  ✓ Uploaded: pae_contacts/126.json (0.02 MB)
    URL: https://rechesvudwvwhwta.public.blob.vercel-storage.com/pae_contacts/126.json
[127/442] PAE data for interaction 127
  ✓ Uploaded: pae_contacts/127.json (0.02 MB)
    URL: https://rechesvudwvwhwta.public.blob.vercel-storage.com/pae_contacts/127.json
[128/442] PAE data for interaction 128
  ✓ Uploaded: pae_contacts/128.json (0.02 MB)
    URL: https://rechesvudwvwhwta.public.blob.vercel-storage.com/pae_contacts/128.json
[129/442] PAE data for interaction 129
  ✓ Uploaded: pae_contacts/129.json (0.01 MB)
    URL: https://rechesvudwvwhwta.public.blob.vercel-storage.com/pae_contacts/129.json
[130/442] PAE data for interaction 130
  ✓ Uploaded: pae_contacts/130.json (0.01 MB)
    URL: https://rechesvudwvwhwta.public.blob.vercel-storage.com/pae_contacts/130.json
[131/442] PAE data for interaction 131
  ✓ Uploaded: pae_contacts/131.json (0.01 MB)
    URL: https://rechesvudwvwhwta.public.blob.vercel-storage.com/pae_contacts/131.json
[132/442] PAE data for interaction 132
  ✓ Uploaded: pae_contacts/132.json (0.02 MB)
    URL: https://rechesvudwvwhwta.public.blob.vercel-storage.com/pae_contacts/132.json
[133/442] PAE data for interaction 133
  ✓ Uploaded: pae_contacts/133.json (0.02 MB)
    URL: https://rechesvudwvwhwta.public.blob.vercel-storage.com/pae_contacts/133.json
[134/442] PAE data for interaction 134
  ✓ Uploaded: pae_contacts/134.json (0.02 MB)
    URL: https://rechesvudwvwhwta.public.blob.vercel-storage.com/pae_contacts/134.json
[135/442] PAE data for interaction 135
  ✓ Uploaded: pae_contacts/135.json (0.02 MB)
    URL: https://rechesvudwvwhwta.public.blob.vercel-storage.com/pae_contacts/135.json
[136/442] PAE data for interaction 136
  ✓ Uploaded: pae_contacts/136.json (0.03 MB)
    URL: https://rechesvudwvwhwta.public.blob.vercel-storage.com/pae_contacts/136.json
[137/442] PAE data for interaction 137
  ✓ Uploaded: pae_contacts/137.json (0.01 MB)
    URL: https://rechesvudwvwhwta.public.blob.vercel-storage.com/pae_contacts/137.json
[138/442] PAE data for interaction 138
  ✓ Uploaded: pae_contacts/138.json (0.01 MB)
    URL: https://rechesvudwvwhwta.public.blob.vercel-storage.com/pae_contacts/138.json
[139/442] PAE data for interaction 139
  ✓ Uploaded: pae_contacts/139.json (0.01 MB)
    URL: https://rechesvudwvwhwta.public.blob.vercel-storage.com/pae_contacts/139.json
[140/442] PAE data for interaction 140
  ✓ Uploaded: pae_contacts/140.json (0.01 MB)
    URL: https://rechesvudwvwhwta.public.blob.vercel-storage.com/pae_contacts/140.json
[141/442] PAE data for interaction 141
  ✓ Uploaded: pae_contacts/141.json (0.01 MB)
    URL: https://rechesvudwvwhwta.public.blob.vercel-storage.com/pae_contacts/141.json
[142/442] PAE data for interaction 142
  ✓ Uploaded: pae_contacts/142.json (0.01 MB)
    URL: https://rechesvudwvwhwta.public.blob.vercel-storage.com/pae_contacts/142.json
[143/442] PAE data for interaction 143
  ✓ Uploaded: pae_contacts/143.json (0.01 MB)
    URL: https://rechesvudwvwhwta.public.blob.vercel-storage.com/pae_contacts/143.json
[144/442] PAE data for interaction 144
  ✓ Uploaded: pae_contacts/144.json (0.02 MB)
    URL: https://rechesvudwvwhwta.public.blob.vercel-storage.com/pae_contacts/144.json
[145/442] PAE data for interaction 145
  ✓ Uploaded: pae_contacts/145.json (0.02 MB)
    URL: https://rechesvudwvwhwta.public.blob.vercel-storage.com/pae_contacts/145.json
[146/442] PAE data for interaction 146
  ✓ Uploaded: pae_contacts/146.json (0.01 MB)
    URL: https://rechesvudwvwhwta.public.blob.vercel-storage.com/pae_contacts/146.json
[147/442] PAE data for interaction 147
  ✓ Uploaded: pae_contacts/147.json (0.02 MB)
    URL: https://rechesvudwvwhwta.public.blob.vercel-storage.com/pae_contacts/147.json
[148/442] PAE data for interaction 148
  ✓ Uploaded: pae_contacts/148.json (0.01 MB)
    URL: https://rechesvudwvwhwta.public.blob.vercel-storage.com/pae_contacts/148.json
[149/442] PAE data for interaction 149
  ✓ Uploaded: pae_contacts/149.json (0.01 MB)
    URL: https://rechesvudwvwhwta.public.blob.vercel-storage.com/pae_contacts/149.json
[150/442] PAE data for interaction 150
  ✓ Uploaded: pae_contacts/150.json (0.01 MB)
    URL: https://rechesvudwvwhwta.public.blob.vercel-storage.com/pae_contacts/150.json
[151/442] PAE data for interaction 151
  ✓ Uploaded: pae_contacts/151.json (0.01 MB)
    URL: https://rechesvudwvwhwta.public.blob.vercel-storage.com/pae_contacts/151.json
[152/442] PAE data for interaction 152
  ✓ Uploaded: pae_contacts/152.json (0.01 MB)
    URL: https://rechesvudwvwhwta.public.blob.vercel-storage.com/pae_contacts/152.json
[153/442] PAE data for interaction 153
  ✓ Uploaded: pae_contacts/153.json (0.01 MB)
    URL: https://rechesvudwvwhwta.public.blob.vercel-storage.com/pae_contacts/153.json
[154/442] PAE data for interaction 154
  ✓ Uploaded: pae_contacts/154.json (0.01 MB)
    URL: https://rechesvudwvwhwta.public.blob.vercel-storage.com/pae_contacts/154.json
[155/442] PAE data for interaction 155
  ✓ Uploaded: pae_contacts/155.json (0.01 MB)
    URL: https://rechesvudwvwhwta.public.blob.vercel-storage.com/pae_contacts/155.json
[156/442] PAE data for interaction 156
  ✓ Uploaded: pae_contacts/156.json (0.01 MB)
    URL: https://rechesvudwvwhwta.public.blob.vercel-storage.com/pae_contacts/156.json
[157/442] PAE data for interaction 157
  ✓ Uploaded: pae_contacts/157.json (0.01 MB)
    URL: https://rechesvudwvwhwta.public.blob.vercel-storage.com/pae_contacts/157.json
[158/442] PAE data for interaction 158
  ✓ Uploaded: pae_contacts/158.json (0.01 MB)
    URL: https://rechesvudwvwhwta.public.blob.vercel-storage.com/pae_contacts/158.json
[159/442] PAE data for interaction 159
  ✓ Uploaded: pae_contacts/159.json (0.01 MB)
    URL: https://rechesvudwvwhwta.public.blob.vercel-storage.com/pae_contacts/159.json
[160/442] PAE data for interaction 160
  ✓ Uploaded: pae_contacts/160.json (0.01 MB)
    URL: https://rechesvudwvwhwta.public.blob.vercel-storage.com/pae_contacts/160.json
[161/442] PAE data for interaction 161
  ✓ Uploaded: pae_contacts/161.json (0.18 MB)
    URL: https://rechesvudwvwhwta.public.blob.vercel-storage.com/pae_contacts/161.json
[162/442] PAE data for interaction 162
  ✓ Uploaded: pae_contacts/162.json (0.01 MB)
    URL: https://rechesvudwvwhwta.public.blob.vercel-storage.com/pae_contacts/162.json
[163/442] PAE data for interaction 163
  ✓ Uploaded: pae_contacts/163.json (0.01 MB)
    URL: https://rechesvudwvwhwta.public.blob.vercel-storage.com/pae_contacts/163.json
[164/442] PAE data for interaction 164
  ✓ Uploaded: pae_contacts/164.json (0.01 MB)
    URL: https://rechesvudwvwhwta.public.blob.vercel-storage.com/pae_contacts/164.json
[165/442] PAE data for interaction 165
  ✓ Uploaded: pae_contacts/165.json (0.01 MB)
    URL: https://rechesvudwvwhwta.public.blob.vercel-storage.com/pae_contacts/165.json
[166/442] PAE data for interaction 166
  ✓ Uploaded: pae_contacts/166.json (0.02 MB)
    URL: https://rechesvudwvwhwta.public.blob.vercel-storage.com/pae_contacts/166.json
[167/442] PAE data for interaction 167
  ✓ Uploaded: pae_contacts/167.json (0.02 MB)
    URL: https://rechesvudwvwhwta.public.blob.vercel-storage.com/pae_contacts/167.json
[168/442] PAE data for interaction 168
  ✓ Uploaded: pae_contacts/168.json (0.02 MB)
    URL: https://rechesvudwvwhwta.public.blob.vercel-storage.com/pae_contacts/168.json
[169/442] PAE data for interaction 169
  ✓ Uploaded: pae_contacts/169.json (0.01 MB)
    URL: https://rechesvudwvwhwta.public.blob.vercel-storage.com/pae_contacts/169.json
[170/442] PAE data for interaction 170
  ✓ Uploaded: pae_contacts/170.json (0.01 MB)
    URL: https://rechesvudwvwhwta.public.blob.vercel-storage.com/pae_contacts/170.json
[171/442] PAE data for interaction 171
  ✓ Uploaded: pae_contacts/171.json (0.01 MB)
    URL: https://rechesvudwvwhwta.public.blob.vercel-storage.com/pae_contacts/171.json
[172/442] PAE data for interaction 172
  ✓ Uploaded: pae_contacts/172.json (0.02 MB)
    URL: https://rechesvudwvwhwta.public.blob.vercel-storage.com/pae_contacts/172.json
[173/442] PAE data for interaction 173
  ✓ Uploaded: pae_contacts/173.json (0.01 MB)
    URL: https://rechesvudwvwhwta.public.blob.vercel-storage.com/pae_contacts/173.json
[174/442] PAE data for interaction 174
  ✓ Uploaded: pae_contacts/174.json (0.02 MB)
    URL: https://rechesvudwvwhwta.public.blob.vercel-storage.com/pae_contacts/174.json
[175/442] PAE data for interaction 175
  ✓ Uploaded: pae_contacts/175.json (0.02 MB)
    URL: https://rechesvudwvwhwta.public.blob.vercel-storage.com/pae_contacts/175.json
[176/442] PAE data for interaction 176
  ✓ Uploaded: pae_contacts/176.json (0.01 MB)
    URL: https://rechesvudwvwhwta.public.blob.vercel-storage.com/pae_contacts/176.json
[177/442] PAE data for interaction 177
  ✓ Uploaded: pae_contacts/177.json (0.02 MB)
    URL: https://rechesvudwvwhwta.public.blob.vercel-storage.com/pae_contacts/177.json
[178/442] PAE data for interaction 178
  ✓ Uploaded: pae_contacts/178.json (0.02 MB)
    URL: https://rechesvudwvwhwta.public.blob.vercel-storage.com/pae_contacts/178.json
[179/442] PAE data for interaction 179
  ✓ Uploaded: pae_contacts/179.json (0.01 MB)
    URL: https://rechesvudwvwhwta.public.blob.vercel-storage.com/pae_contacts/179.json
[180/442] PAE data for interaction 180
  ✓ Uploaded: pae_contacts/180.json (0.01 MB)
    URL: https://rechesvudwvwhwta.public.blob.vercel-storage.com/pae_contacts/180.json
[181/442] PAE data for interaction 181
  ✓ Uploaded: pae_contacts/181.json (0.01 MB)
    URL: https://rechesvudwvwhwta.public.blob.vercel-storage.com/pae_contacts/181.json
[182/442] PAE data for interaction 182
  ✓ Uploaded: pae_contacts/182.json (0.02 MB)
    URL: https://rechesvudwvwhwta.public.blob.vercel-storage.com/pae_contacts/182.json
[183/442] PAE data for interaction 183
  ✓ Uploaded: pae_contacts/183.json (0.02 MB)
    URL: https://rechesvudwvwhwta.public.blob.vercel-storage.com/pae_contacts/183.json
[184/442] PAE data for interaction 184
  ✓ Uploaded: pae_contacts/184.json (0.01 MB)
    URL: https://rechesvudwvwhwta.public.blob.vercel-storage.com/pae_contacts/184.json
[185/442] PAE data for interaction 185
  ✓ Uploaded: pae_contacts/185.json (0.02 MB)
    URL: https://rechesvudwvwhwta.public.blob.vercel-storage.com/pae_contacts/185.json
[186/442] PAE data for interaction 186
  ✓ Uploaded: pae_contacts/186.json (0.01 MB)
    URL: https://rechesvudwvwhwta.public.blob.vercel-storage.com/pae_contacts/186.json
[187/442] PAE data for interaction 187
  ✓ Uploaded: pae_contacts/187.json (0.01 MB)
    URL: https://rechesvudwvwhwta.public.blob.vercel-storage.com/pae_contacts/187.json
[188/442] PAE data for interaction 188
  ✓ Uploaded: pae_contacts/188.json (0.01 MB)
    URL: https://rechesvudwvwhwta.public.blob.vercel-storage.com/pae_contacts/188.json
[189/442] PAE data for interaction 189
  ✓ Uploaded: pae_contacts/189.json (0.01 MB)
    URL: https://rechesvudwvwhwta.public.blob.vercel-storage.com/pae_contacts/189.json
[190/442] PAE data for interaction 190
  ✓ Uploaded: pae_contacts/190.json (0.01 MB)
    URL: https://rechesvudwvwhwta.public.blob.vercel-storage.com/pae_contacts/190.json
[191/442] PAE data for interaction 191
  ✓ Uploaded: pae_contacts/191.json (0.01 MB)
    URL: https://rechesvudwvwhwta.public.blob.vercel-storage.com/pae_contacts/191.json
[192/442] PAE data for interaction 192
  ✓ Uploaded: pae_contacts/192.json (0.01 MB)
    URL: https://rechesvudwvwhwta.public.blob.vercel-storage.com/pae_contacts/192.json
[193/442] PAE data for interaction 193
  ✓ Uploaded: pae_contacts/193.json (0.01 MB)
    URL: https://rechesvudwvwhwta.public.blob.vercel-storage.com/pae_contacts/193.json
[194/442] PAE data for interaction 194
  ✓ Uploaded: pae_contacts/194.json (0.01 MB)
    URL: https://rechesvudwvwhwta.public.blob.vercel-storage.com/pae_contacts/194.json
[195/442] PAE data for interaction 195
  ✓ Uploaded: pae_contacts/195.json (0.01 MB)
    URL: https://rechesvudwvwhwta.public.blob.vercel-storage.com/pae_contacts/195.json
[196/442] PAE data for interaction 196
  ✓ Uploaded: pae_contacts/196.json (0.01 MB)
    URL: https://rechesvudwvwhwta.public.blob.vercel-storage.com/pae_contacts/196.json
[197/442] PAE data for interaction 197
  ✓ Uploaded: pae_contacts/197.json (0.01 MB)
    URL: https://rechesvudwvwhwta.public.blob.vercel-storage.com/pae_contacts/197.json
[198/442] PAE data for interaction 198
  ✓ Uploaded: pae_contacts/198.json (0.01 MB)
    URL: https://rechesvudwvwhwta.public.blob.vercel-storage.com/pae_contacts/198.json
[199/442] PAE data for interaction 199
  ✓ Uploaded: pae_contacts/199.json (0.01 MB)
    URL: https://rechesvudwvwhwta.public.blob.vercel-storage.com/pae_contacts/199.json
[200/442] PAE data for interaction 200
  ✓ Uploaded: pae_contacts/200.json (0.01 MB)
    URL: https://rechesvudwvwhwta.public.blob.vercel-storage.com/pae_contacts/200.json
[201/442] PAE data for interaction 201
  ✓ Uploaded: pae_contacts/201.json (0.02 MB)
    URL: https://rechesvudwvwhwta.public.blob.vercel-storage.com/pae_contacts/201.json
[202/442] PAE data for interaction 202
  ✓ Uploaded: pae_contacts/202.json (0.04 MB)
    URL: https://rechesvudwvwhwta.public.blob.vercel-storage.com/pae_contacts/202.json
[203/442] PAE data for interaction 203
  ✓ Uploaded: pae_contacts/203.json (0.01 MB)
    URL: https://rechesvudwvwhwta.public.blob.vercel-storage.com/pae_contacts/203.json
[204/442] PAE data for interaction 204
  ✓ Uploaded: pae_contacts/204.json (0.01 MB)
    URL: https://rechesvudwvwhwta.public.blob.vercel-storage.com/pae_contacts/204.json
[205/442] PAE data for interaction 205
  ✓ Uploaded: pae_contacts/205.json (0.02 MB)
    URL: https://rechesvudwvwhwta.public.blob.vercel-storage.com/pae_contacts/205.json
[206/442] PAE data for interaction 206
  ✓ Uploaded: pae_contacts/206.json (0.02 MB)
    URL: https://rechesvudwvwhwta.public.blob.vercel-storage.com/pae_contacts/206.json
[207/442] PAE data for interaction 207
  ✓ Uploaded: pae_contacts/207.json (0.02 MB)
    URL: https://rechesvudwvwhwta.public.blob.vercel-storage.com/pae_contacts/207.json
[208/442] PAE data for interaction 208
  ✓ Uploaded: pae_contacts/208.json (0.02 MB)
    URL: https://rechesvudwvwhwta.public.blob.vercel-storage.com/pae_contacts/208.json
[209/442] PAE data for interaction 209
  ✓ Uploaded: pae_contacts/209.json (0.01 MB)
    URL: https://rechesvudwvwhwta.public.blob.vercel-storage.com/pae_contacts/209.json
[210/442] PAE data for interaction 210
  ✓ Uploaded: pae_contacts/210.json (0.01 MB)
    URL: https://rechesvudwvwhwta.public.blob.vercel-storage.com/pae_contacts/210.json
[211/442] PAE data for interaction 211
  ✓ Uploaded: pae_contacts/211.json (0.02 MB)
    URL: https://rechesvudwvwhwta.public.blob.vercel-storage.com/pae_contacts/211.json
[212/442] PAE data for interaction 212
  ✓ Uploaded: pae_contacts/212.json (0.01 MB)
    URL: https://rechesvudwvwhwta.public.blob.vercel-storage.com/pae_contacts/212.json
[213/442] PAE data for interaction 213
  ✓ Uploaded: pae_contacts/213.json (0.02 MB)
    URL: https://rechesvudwvwhwta.public.blob.vercel-storage.com/pae_contacts/213.json
[214/442] PAE data for interaction 214
  ✓ Uploaded: pae_contacts/214.json (0.02 MB)
    URL: https://rechesvudwvwhwta.public.blob.vercel-storage.com/pae_contacts/214.json
[215/442] PAE data for interaction 215
  ✓ Uploaded: pae_contacts/215.json (0.01 MB)
    URL: https://rechesvudwvwhwta.public.blob.vercel-storage.com/pae_contacts/215.json
[216/442] PAE data for interaction 216
  ✓ Uploaded: pae_contacts/216.json (0.02 MB)
    URL: https://rechesvudwvwhwta.public.blob.vercel-storage.com/pae_contacts/216.json
[217/442] PAE data for interaction 217
  ✓ Uploaded: pae_contacts/217.json (0.09 MB)
    URL: https://rechesvudwvwhwta.public.blob.vercel-storage.com/pae_contacts/217.json
[218/442] PAE data for interaction 218
  ✓ Uploaded: pae_contacts/218.json (0.02 MB)
    URL: https://rechesvudwvwhwta.public.blob.vercel-storage.com/pae_contacts/218.json
[219/442] PAE data for interaction 219
  ✓ Uploaded: pae_contacts/219.json (0.02 MB)
    URL: https://rechesvudwvwhwta.public.blob.vercel-storage.com/pae_contacts/219.json
[220/442] PAE data for interaction 220
  ✓ Uploaded: pae_contacts/220.json (0.01 MB)
    URL: https://rechesvudwvwhwta.public.blob.vercel-storage.com/pae_contacts/220.json
[221/442] PAE data for interaction 221
  ✓ Uploaded: pae_contacts/221.json (0.01 MB)
    URL: https://rechesvudwvwhwta.public.blob.vercel-storage.com/pae_contacts/221.json
[222/442] PAE data for interaction 222
  ✓ Uploaded: pae_contacts/222.json (0.01 MB)
    URL: https://rechesvudwvwhwta.public.blob.vercel-storage.com/pae_contacts/222.json
[223/442] PAE data for interaction 223
  ✓ Uploaded: pae_contacts/223.json (0.01 MB)
    URL: https://rechesvudwvwhwta.public.blob.vercel-storage.com/pae_contacts/223.json
[224/442] PAE data for interaction 224
  ✓ Uploaded: pae_contacts/224.json (0.01 MB)
    URL: https://rechesvudwvwhwta.public.blob.vercel-storage.com/pae_contacts/224.json
[225/442] PAE data for interaction 225
  ✓ Uploaded: pae_contacts/225.json (0.03 MB)
    URL: https://rechesvudwvwhwta.public.blob.vercel-storage.com/pae_contacts/225.json
[226/442] PAE data for interaction 226
  ✓ Uploaded: pae_contacts/226.json (0.01 MB)
    URL: https://rechesvudwvwhwta.public.blob.vercel-storage.com/pae_contacts/226.json
[227/442] PAE data for interaction 227
  ✓ Uploaded: pae_contacts/227.json (0.02 MB)
    URL: https://rechesvudwvwhwta.public.blob.vercel-storage.com/pae_contacts/227.json
[228/442] PAE data for interaction 228
  ✓ Uploaded: pae_contacts/228.json (0.06 MB)
    URL: https://rechesvudwvwhwta.public.blob.vercel-storage.com/pae_contacts/228.json
[229/442] PAE data for interaction 229
  ✓ Uploaded: pae_contacts/229.json (0.01 MB)
    URL: https://rechesvudwvwhwta.public.blob.vercel-storage.com/pae_contacts/229.json
[230/442] PAE data for interaction 230
  ✓ Uploaded: pae_contacts/230.json (0.01 MB)
    URL: https://rechesvudwvwhwta.public.blob.vercel-storage.com/pae_contacts/230.json
[231/442] PAE data for interaction 231
  ✓ Uploaded: pae_contacts/231.json (0.02 MB)
    URL: https://rechesvudwvwhwta.public.blob.vercel-storage.com/pae_contacts/231.json
[232/442] PAE data for interaction 232
  ✓ Uploaded: pae_contacts/232.json (0.01 MB)
    URL: https://rechesvudwvwhwta.public.blob.vercel-storage.com/pae_contacts/232.json
[233/442] PAE data for interaction 233
  ✓ Uploaded: pae_contacts/233.json (0.01 MB)
    URL: https://rechesvudwvwhwta.public.blob.vercel-storage.com/pae_contacts/233.json
[234/442] PAE data for interaction 234
  ✓ Uploaded: pae_contacts/234.json (0.01 MB)
    URL: https://rechesvudwvwhwta.public.blob.vercel-storage.com/pae_contacts/234.json
[235/442] PAE data for interaction 235
  ✓ Uploaded: pae_contacts/235.json (0.03 MB)
    URL: https://rechesvudwvwhwta.public.blob.vercel-storage.com/pae_contacts/235.json
[236/442] PAE data for interaction 236
  ✓ Uploaded: pae_contacts/236.json (0.01 MB)
    URL: https://rechesvudwvwhwta.public.blob.vercel-storage.com/pae_contacts/236.json
[237/442] PAE data for interaction 237
  ✓ Uploaded: pae_contacts/237.json (0.01 MB)
    URL: https://rechesvudwvwhwta.public.blob.vercel-storage.com/pae_contacts/237.json
[238/442] PAE data for interaction 238
  ✓ Uploaded: pae_contacts/238.json (0.01 MB)
    URL: https://rechesvudwvwhwta.public.blob.vercel-storage.com/pae_contacts/238.json
[239/442] PAE data for interaction 239
  ✓ Uploaded: pae_contacts/239.json (0.01 MB)
    URL: https://rechesvudwvwhwta.public.blob.vercel-storage.com/pae_contacts/239.json
[240/442] PAE data for interaction 240
  ✓ Uploaded: pae_contacts/240.json (0.01 MB)
    URL: https://rechesvudwvwhwta.public.blob.vercel-storage.com/pae_contacts/240.json
[241/442] PAE data for interaction 241
  ✓ Uploaded: pae_contacts/241.json (0.02 MB)
    URL: https://rechesvudwvwhwta.public.blob.vercel-storage.com/pae_contacts/241.json
[242/442] PAE data for interaction 242
  ✓ Uploaded: pae_contacts/242.json (0.01 MB)
    URL: https://rechesvudwvwhwta.public.blob.vercel-storage.com/pae_contacts/242.json
[243/442] PAE data for interaction 244
  ✓ Uploaded: pae_contacts/244.json (0.01 MB)
    URL: https://rechesvudwvwhwta.public.blob.vercel-storage.com/pae_contacts/244.json
[244/442] PAE data for interaction 245
  ✓ Uploaded: pae_contacts/245.json (0.04 MB)
    URL: https://rechesvudwvwhwta.public.blob.vercel-storage.com/pae_contacts/245.json
[245/442] PAE data for interaction 246
  ✓ Uploaded: pae_contacts/246.json (0.05 MB)
    URL: https://rechesvudwvwhwta.public.blob.vercel-storage.com/pae_contacts/246.json
[246/442] PAE data for interaction 247
  ✓ Uploaded: pae_contacts/247.json (0.03 MB)
    URL: https://rechesvudwvwhwta.public.blob.vercel-storage.com/pae_contacts/247.json
[247/442] PAE data for interaction 248
  ✓ Uploaded: pae_contacts/248.json (0.01 MB)
    URL: https://rechesvudwvwhwta.public.blob.vercel-storage.com/pae_contacts/248.json
[248/442] PAE data for interaction 249
  ✓ Uploaded: pae_contacts/249.json (0.01 MB)
    URL: https://rechesvudwvwhwta.public.blob.vercel-storage.com/pae_contacts/249.json
[249/442] PAE data for interaction 250
  ✓ Uploaded: pae_contacts/250.json (0.02 MB)
    URL: https://rechesvudwvwhwta.public.blob.vercel-storage.com/pae_contacts/250.json
[250/442] PAE data for interaction 251
  ✓ Uploaded: pae_contacts/251.json (0.01 MB)
    URL: https://rechesvudwvwhwta.public.blob.vercel-storage.com/pae_contacts/251.json
[251/442] PAE data for interaction 252
  ✓ Uploaded: pae_contacts/252.json (0.01 MB)
    URL: https://rechesvudwvwhwta.public.blob.vercel-storage.com/pae_contacts/252.json
[252/442] PAE data for interaction 253
  ✓ Uploaded: pae_contacts/253.json (0.01 MB)
    URL: https://rechesvudwvwhwta.public.blob.vercel-storage.com/pae_contacts/253.json
[253/442] PAE data for interaction 254
  ✓ Uploaded: pae_contacts/254.json (0.06 MB)
    URL: https://rechesvudwvwhwta.public.blob.vercel-storage.com/pae_contacts/254.json
[254/442] PAE data for interaction 255
  ✓ Uploaded: pae_contacts/255.json (0.07 MB)
    URL: https://rechesvudwvwhwta.public.blob.vercel-storage.com/pae_contacts/255.json
[255/442] PAE data for interaction 256
  ✓ Uploaded: pae_contacts/256.json (0.05 MB)
    URL: https://rechesvudwvwhwta.public.blob.vercel-storage.com/pae_contacts/256.json
[256/442] PAE data for interaction 257
  ✓ Uploaded: pae_contacts/257.json (0.01 MB)
    URL: https://rechesvudwvwhwta.public.blob.vercel-storage.com/pae_contacts/257.json
[257/442] PAE data for interaction 258
  ✓ Uploaded: pae_contacts/258.json (0.01 MB)
    URL: https://rechesvudwvwhwta.public.blob.vercel-storage.com/pae_contacts/258.json
[258/442] PAE data for interaction 259
  ✓ Uploaded: pae_contacts/259.json (0.01 MB)
    URL: https://rechesvudwvwhwta.public.blob.vercel-storage.com/pae_contacts/259.json
[259/442] PAE data for interaction 260
  ✓ Uploaded: pae_contacts/260.json (0.01 MB)
    URL: https://rechesvudwvwhwta.public.blob.vercel-storage.com/pae_contacts/260.json
[260/442] PAE data for interaction 261
  ✓ Uploaded: pae_contacts/261.json (0.01 MB)
    URL: https://rechesvudwvwhwta.public.blob.vercel-storage.com/pae_contacts/261.json
[261/442] PAE data for interaction 262
  ✓ Uploaded: pae_contacts/262.json (0.00 MB)
    URL: https://rechesvudwvwhwta.public.blob.vercel-storage.com/pae_contacts/262.json
[262/442] PAE data for interaction 263
  ✓ Uploaded: pae_contacts/263.json (0.01 MB)
    URL: https://rechesvudwvwhwta.public.blob.vercel-storage.com/pae_contacts/263.json
[263/442] PAE data for interaction 264
  ✓ Uploaded: pae_contacts/264.json (0.01 MB)
    URL: https://rechesvudwvwhwta.public.blob.vercel-storage.com/pae_contacts/264.json
[264/442] PAE data for interaction 265
  ✓ Uploaded: pae_contacts/265.json (0.02 MB)
    URL: https://rechesvudwvwhwta.public.blob.vercel-storage.com/pae_contacts/265.json
[265/442] PAE data for interaction 266
  ✓ Uploaded: pae_contacts/266.json (0.01 MB)
    URL: https://rechesvudwvwhwta.public.blob.vercel-storage.com/pae_contacts/266.json
[266/442] PAE data for interaction 267
  ✓ Uploaded: pae_contacts/267.json (0.01 MB)
    URL: https://rechesvudwvwhwta.public.blob.vercel-storage.com/pae_contacts/267.json
[267/442] PAE data for interaction 268
  ✓ Uploaded: pae_contacts/268.json (0.01 MB)
    URL: https://rechesvudwvwhwta.public.blob.vercel-storage.com/pae_contacts/268.json
[268/442] PAE data for interaction 269
  ✓ Uploaded: pae_contacts/269.json (0.02 MB)
    URL: https://rechesvudwvwhwta.public.blob.vercel-storage.com/pae_contacts/269.json
[269/442] PAE data for interaction 270
  ✓ Uploaded: pae_contacts/270.json (0.01 MB)
    URL: https://rechesvudwvwhwta.public.blob.vercel-storage.com/pae_contacts/270.json
[270/442] PAE data for interaction 271
  ✓ Uploaded: pae_contacts/271.json (0.01 MB)
    URL: https://rechesvudwvwhwta.public.blob.vercel-storage.com/pae_contacts/271.json
[271/442] PAE data for interaction 272
  ✓ Uploaded: pae_contacts/272.json (0.01 MB)
    URL: https://rechesvudwvwhwta.public.blob.vercel-storage.com/pae_contacts/272.json
[272/442] PAE data for interaction 273
  ✓ Uploaded: pae_contacts/273.json (0.02 MB)
    URL: https://rechesvudwvwhwta.public.blob.vercel-storage.com/pae_contacts/273.json
[273/442] PAE data for interaction 274
  ✓ Uploaded: pae_contacts/274.json (0.02 MB)
    URL: https://rechesvudwvwhwta.public.blob.vercel-storage.com/pae_contacts/274.json
[274/442] PAE data for interaction 275
  ✓ Uploaded: pae_contacts/275.json (0.01 MB)
    URL: https://rechesvudwvwhwta.public.blob.vercel-storage.com/pae_contacts/275.json
[275/442] PAE data for interaction 276
  ✓ Uploaded: pae_contacts/276.json (0.01 MB)
    URL: https://rechesvudwvwhwta.public.blob.vercel-storage.com/pae_contacts/276.json
[276/442] PAE data for interaction 277
  ✓ Uploaded: pae_contacts/277.json (0.01 MB)
    URL: https://rechesvudwvwhwta.public.blob.vercel-storage.com/pae_contacts/277.json
[277/442] PAE data for interaction 278
  ✓ Uploaded: pae_contacts/278.json (0.02 MB)
    URL: https://rechesvudwvwhwta.public.blob.vercel-storage.com/pae_contacts/278.json
[278/442] PAE data for interaction 279
  ✓ Uploaded: pae_contacts/279.json (0.02 MB)
    URL: https://rechesvudwvwhwta.public.blob.vercel-storage.com/pae_contacts/279.json
[279/442] PAE data for interaction 280
  ✓ Uploaded: pae_contacts/280.json (0.01 MB)
    URL: https://rechesvudwvwhwta.public.blob.vercel-storage.com/pae_contacts/280.json
[280/442] PAE data for interaction 281
  ✓ Uploaded: pae_contacts/281.json (0.01 MB)
    URL: https://rechesvudwvwhwta.public.blob.vercel-storage.com/pae_contacts/281.json
[281/442] PAE data for interaction 282
  ✓ Uploaded: pae_contacts/282.json (0.01 MB)
    URL: https://rechesvudwvwhwta.public.blob.vercel-storage.com/pae_contacts/282.json
[282/442] PAE data for interaction 283
  ✓ Uploaded: pae_contacts/283.json (0.02 MB)
    URL: https://rechesvudwvwhwta.public.blob.vercel-storage.com/pae_contacts/283.json
[283/442] PAE data for interaction 284
  ✓ Uploaded: pae_contacts/284.json (0.01 MB)
    URL: https://rechesvudwvwhwta.public.blob.vercel-storage.com/pae_contacts/284.json
[284/442] PAE data for interaction 285
  ✓ Uploaded: pae_contacts/285.json (0.01 MB)
    URL: https://rechesvudwvwhwta.public.blob.vercel-storage.com/pae_contacts/285.json
[285/442] PAE data for interaction 286
  ✓ Uploaded: pae_contacts/286.json (0.01 MB)
    URL: https://rechesvudwvwhwta.public.blob.vercel-storage.com/pae_contacts/286.json
[286/442] PAE data for interaction 287
  ✓ Uploaded: pae_contacts/287.json (0.01 MB)
    URL: https://rechesvudwvwhwta.public.blob.vercel-storage.com/pae_contacts/287.json
[287/442] PAE data for interaction 288
  ✓ Uploaded: pae_contacts/288.json (0.01 MB)
    URL: https://rechesvudwvwhwta.public.blob.vercel-storage.com/pae_contacts/288.json
[288/442] PAE data for interaction 289
  ✓ Uploaded: pae_contacts/289.json (0.00 MB)
    URL: https://rechesvudwvwhwta.public.blob.vercel-storage.com/pae_contacts/289.json
[289/442] PAE data for interaction 290
  ✓ Uploaded: pae_contacts/290.json (0.01 MB)
    URL: https://rechesvudwvwhwta.public.blob.vercel-storage.com/pae_contacts/290.json
[290/442] PAE data for interaction 296
  ✓ Uploaded: pae_contacts/296.json (0.06 MB)
    URL: https://rechesvudwvwhwta.public.blob.vercel-storage.com/pae_contacts/296.json
[291/442] PAE data for interaction 297
  ✓ Uploaded: pae_contacts/297.json (0.02 MB)
    URL: https://rechesvudwvwhwta.public.blob.vercel-storage.com/pae_contacts/297.json
[292/442] PAE data for interaction 298
  ✓ Uploaded: pae_contacts/298.json (0.02 MB)
    URL: https://rechesvudwvwhwta.public.blob.vercel-storage.com/pae_contacts/298.json
[293/442] PAE data for interaction 299
  ✓ Uploaded: pae_contacts/299.json (0.01 MB)
    URL: https://rechesvudwvwhwta.public.blob.vercel-storage.com/pae_contacts/299.json
[294/442] PAE data for interaction 300
  ✓ Uploaded: pae_contacts/300.json (0.02 MB)
    URL: https://rechesvudwvwhwta.public.blob.vercel-storage.com/pae_contacts/300.json
[295/442] PAE data for interaction 301
  ✓ Uploaded: pae_contacts/301.json (0.01 MB)
    URL: https://rechesvudwvwhwta.public.blob.vercel-storage.com/pae_contacts/301.json
[296/442] PAE data for interaction 302
  ✓ Uploaded: pae_contacts/302.json (0.01 MB)
    URL: https://rechesvudwvwhwta.public.blob.vercel-storage.com/pae_contacts/302.json
[297/442] PAE data for interaction 303
  ✓ Uploaded: pae_contacts/303.json (0.01 MB)
    URL: https://rechesvudwvwhwta.public.blob.vercel-storage.com/pae_contacts/303.json
[298/442] PAE data for interaction 304
  ✓ Uploaded: pae_contacts/304.json (0.01 MB)
    URL: https://rechesvudwvwhwta.public.blob.vercel-storage.com/pae_contacts/304.json
[299/442] PAE data for interaction 305
  ✓ Uploaded: pae_contacts/305.json (0.01 MB)
    URL: https://rechesvudwvwhwta.public.blob.vercel-storage.com/pae_contacts/305.json
[300/442] PAE data for interaction 306
  ✓ Uploaded: pae_contacts/306.json (0.01 MB)
    URL: https://rechesvudwvwhwta.public.blob.vercel-storage.com/pae_contacts/306.json
[301/442] PAE data for interaction 307
  ✓ Uploaded: pae_contacts/307.json (0.01 MB)
    URL: https://rechesvudwvwhwta.public.blob.vercel-storage.com/pae_contacts/307.json
[302/442] PAE data for interaction 308
  ✓ Uploaded: pae_contacts/308.json (0.01 MB)
    URL: https://rechesvudwvwhwta.public.blob.vercel-storage.com/pae_contacts/308.json
[303/442] PAE data for interaction 309
  ✓ Uploaded: pae_contacts/309.json (0.01 MB)
    URL: https://rechesvudwvwhwta.public.blob.vercel-storage.com/pae_contacts/309.json
[304/442] PAE data for interaction 310
  ✓ Uploaded: pae_contacts/310.json (0.01 MB)
    URL: https://rechesvudwvwhwta.public.blob.vercel-storage.com/pae_contacts/310.json
[305/442] PAE data for interaction 311
  ✓ Uploaded: pae_contacts/311.json (0.01 MB)
    URL: https://rechesvudwvwhwta.public.blob.vercel-storage.com/pae_contacts/311.json
[306/442] PAE data for interaction 312
  ✓ Uploaded: pae_contacts/312.json (0.01 MB)
    URL: https://rechesvudwvwhwta.public.blob.vercel-storage.com/pae_contacts/312.json
[307/442] PAE data for interaction 313
  ✓ Uploaded: pae_contacts/313.json (0.01 MB)
    URL: https://rechesvudwvwhwta.public.blob.vercel-storage.com/pae_contacts/313.json
[308/442] PAE data for interaction 314
  ✓ Uploaded: pae_contacts/314.json (0.01 MB)
    URL: https://rechesvudwvwhwta.public.blob.vercel-storage.com/pae_contacts/314.json
[309/442] PAE data for interaction 315
  ✓ Uploaded: pae_contacts/315.json (0.01 MB)
    URL: https://rechesvudwvwhwta.public.blob.vercel-storage.com/pae_contacts/315.json
[310/442] PAE data for interaction 316
  ✓ Uploaded: pae_contacts/316.json (0.01 MB)
    URL: https://rechesvudwvwhwta.public.blob.vercel-storage.com/pae_contacts/316.json
[311/442] PAE data for interaction 317
  ✓ Uploaded: pae_contacts/317.json (0.01 MB)
    URL: https://rechesvudwvwhwta.public.blob.vercel-storage.com/pae_contacts/317.json
[312/442] PAE data for interaction 318
  ✓ Uploaded: pae_contacts/318.json (0.01 MB)
    URL: https://rechesvudwvwhwta.public.blob.vercel-storage.com/pae_contacts/318.json
[313/442] PAE data for interaction 319
  ✓ Uploaded: pae_contacts/319.json (0.01 MB)
    URL: https://rechesvudwvwhwta.public.blob.vercel-storage.com/pae_contacts/319.json
[314/442] PAE data for interaction 320
  ✓ Uploaded: pae_contacts/320.json (0.01 MB)
    URL: https://rechesvudwvwhwta.public.blob.vercel-storage.com/pae_contacts/320.json
[315/442] PAE data for interaction 321
  ✓ Uploaded: pae_contacts/321.json (0.02 MB)
    URL: https://rechesvudwvwhwta.public.blob.vercel-storage.com/pae_contacts/321.json
[316/442] PAE data for interaction 322
  ✓ Uploaded: pae_contacts/322.json (0.01 MB)
    URL: https://rechesvudwvwhwta.public.blob.vercel-storage.com/pae_contacts/322.json
[317/442] PAE data for interaction 323
  ✓ Uploaded: pae_contacts/323.json (0.01 MB)
    URL: https://rechesvudwvwhwta.public.blob.vercel-storage.com/pae_contacts/323.json
[318/442] PAE data for interaction 324
  ✓ Uploaded: pae_contacts/324.json (0.04 MB)
    URL: https://rechesvudwvwhwta.public.blob.vercel-storage.com/pae_contacts/324.json
[319/442] PAE data for interaction 325
  ✓ Uploaded: pae_contacts/325.json (0.02 MB)
    URL: https://rechesvudwvwhwta.public.blob.vercel-storage.com/pae_contacts/325.json
[320/442] PAE data for interaction 326
  ✓ Uploaded: pae_contacts/326.json (0.01 MB)
    URL: https://rechesvudwvwhwta.public.blob.vercel-storage.com/pae_contacts/326.json
[321/442] PAE data for interaction 327
  ✓ Uploaded: pae_contacts/327.json (0.01 MB)
    URL: https://rechesvudwvwhwta.public.blob.vercel-storage.com/pae_contacts/327.json
[322/442] PAE data for interaction 328
  ✓ Uploaded: pae_contacts/328.json (0.01 MB)
    URL: https://rechesvudwvwhwta.public.blob.vercel-storage.com/pae_contacts/328.json
[323/442] PAE data for interaction 329
  ✓ Uploaded: pae_contacts/329.json (0.01 MB)
    URL: https://rechesvudwvwhwta.public.blob.vercel-storage.com/pae_contacts/329.json
[324/442] PAE data for interaction 330
  ✓ Uploaded: pae_contacts/330.json (0.01 MB)
    URL: https://rechesvudwvwhwta.public.blob.vercel-storage.com/pae_contacts/330.json
[325/442] PAE data for interaction 331
  ✓ Uploaded: pae_contacts/331.json (0.02 MB)
    URL: https://rechesvudwvwhwta.public.blob.vercel-storage.com/pae_contacts/331.json
[326/442] PAE data for interaction 332
  ✓ Uploaded: pae_contacts/332.json (0.01 MB)
    URL: https://rechesvudwvwhwta.public.blob.vercel-storage.com/pae_contacts/332.json
[327/442] PAE data for interaction 333
  ✓ Uploaded: pae_contacts/333.json (0.02 MB)
    URL: https://rechesvudwvwhwta.public.blob.vercel-storage.com/pae_contacts/333.json
[328/442] PAE data for interaction 334
  ✓ Uploaded: pae_contacts/334.json (0.01 MB)
    URL: https://rechesvudwvwhwta.public.blob.vercel-storage.com/pae_contacts/334.json
[329/442] PAE data for interaction 335
  ✓ Uploaded: pae_contacts/335.json (0.01 MB)
    URL: https://rechesvudwvwhwta.public.blob.vercel-storage.com/pae_contacts/335.json
[330/442] PAE data for interaction 336
  ✓ Uploaded: pae_contacts/336.json (0.01 MB)
    URL: https://rechesvudwvwhwta.public.blob.vercel-storage.com/pae_contacts/336.json
[331/442] PAE data for interaction 337
  ✓ Uploaded: pae_contacts/337.json (0.01 MB)
    URL: https://rechesvudwvwhwta.public.blob.vercel-storage.com/pae_contacts/337.json
[332/442] PAE data for interaction 338
  ✓ Uploaded: pae_contacts/338.json (0.01 MB)
    URL: https://rechesvudwvwhwta.public.blob.vercel-storage.com/pae_contacts/338.json
[333/442] PAE data for interaction 339
  ✓ Uploaded: pae_contacts/339.json (0.01 MB)
    URL: https://rechesvudwvwhwta.public.blob.vercel-storage.com/pae_contacts/339.json
[334/442] PAE data for interaction 340
  ✓ Uploaded: pae_contacts/340.json (0.01 MB)
    URL: https://rechesvudwvwhwta.public.blob.vercel-storage.com/pae_contacts/340.json
[335/442] PAE data for interaction 341
  ✓ Uploaded: pae_contacts/341.json (0.01 MB)
    URL: https://rechesvudwvwhwta.public.blob.vercel-storage.com/pae_contacts/341.json
[336/442] PAE data for interaction 342
  ✓ Uploaded: pae_contacts/342.json (0.01 MB)
    URL: https://rechesvudwvwhwta.public.blob.vercel-storage.com/pae_contacts/342.json
[337/442] PAE data for interaction 343
  ✓ Uploaded: pae_contacts/343.json (0.02 MB)
    URL: https://rechesvudwvwhwta.public.blob.vercel-storage.com/pae_contacts/343.json
[338/442] PAE data for interaction 344
  ✓ Uploaded: pae_contacts/344.json (0.01 MB)
    URL: https://rechesvudwvwhwta.public.blob.vercel-storage.com/pae_contacts/344.json
[339/442] PAE data for interaction 345
  ✓ Uploaded: pae_contacts/345.json (0.01 MB)
    URL: https://rechesvudwvwhwta.public.blob.vercel-storage.com/pae_contacts/345.json
[340/442] PAE data for interaction 346
  ✓ Uploaded: pae_contacts/346.json (0.01 MB)
    URL: https://rechesvudwvwhwta.public.blob.vercel-storage.com/pae_contacts/346.json
[341/442] PAE data for interaction 347
  ✓ Uploaded: pae_contacts/347.json (0.01 MB)
    URL: https://rechesvudwvwhwta.public.blob.vercel-storage.com/pae_contacts/347.json
[342/442] PAE data for interaction 348
  ✓ Uploaded: pae_contacts/348.json (0.01 MB)
    URL: https://rechesvudwvwhwta.public.blob.vercel-storage.com/pae_contacts/348.json
[343/442] PAE data for interaction 349
  ✓ Uploaded: pae_contacts/349.json (0.01 MB)
    URL: https://rechesvudwvwhwta.public.blob.vercel-storage.com/pae_contacts/349.json
[344/442] PAE data for interaction 350
  ✓ Uploaded: pae_contacts/350.json (0.01 MB)
    URL: https://rechesvudwvwhwta.public.blob.vercel-storage.com/pae_contacts/350.json
[345/442] PAE data for interaction 351
  ✓ Uploaded: pae_contacts/351.json (0.01 MB)
    URL: https://rechesvudwvwhwta.public.blob.vercel-storage.com/pae_contacts/351.json
[346/442] PAE data for interaction 352
  ✓ Uploaded: pae_contacts/352.json (0.02 MB)
    URL: https://rechesvudwvwhwta.public.blob.vercel-storage.com/pae_contacts/352.json
[347/442] PAE data for interaction 353
  ✓ Uploaded: pae_contacts/353.json (0.01 MB)
    URL: https://rechesvudwvwhwta.public.blob.vercel-storage.com/pae_contacts/353.json
[348/442] PAE data for interaction 354
  ✓ Uploaded: pae_contacts/354.json (0.01 MB)
    URL: https://rechesvudwvwhwta.public.blob.vercel-storage.com/pae_contacts/354.json
[349/442] PAE data for interaction 355
  ✓ Uploaded: pae_contacts/355.json (0.01 MB)
    URL: https://rechesvudwvwhwta.public.blob.vercel-storage.com/pae_contacts/355.json
[350/442] PAE data for interaction 356
  ✓ Uploaded: pae_contacts/356.json (0.01 MB)
    URL: https://rechesvudwvwhwta.public.blob.vercel-storage.com/pae_contacts/356.json
[351/442] PAE data for interaction 357
  ✓ Uploaded: pae_contacts/357.json (0.01 MB)
    URL: https://rechesvudwvwhwta.public.blob.vercel-storage.com/pae_contacts/357.json
[352/442] PAE data for interaction 358
  ✓ Uploaded: pae_contacts/358.json (0.01 MB)
    URL: https://rechesvudwvwhwta.public.blob.vercel-storage.com/pae_contacts/358.json
[353/442] PAE data for interaction 359
  ✓ Uploaded: pae_contacts/359.json (0.01 MB)
    URL: https://rechesvudwvwhwta.public.blob.vercel-storage.com/pae_contacts/359.json
[354/442] PAE data for interaction 360
  ✓ Uploaded: pae_contacts/360.json (0.00 MB)
    URL: https://rechesvudwvwhwta.public.blob.vercel-storage.com/pae_contacts/360.json
[355/442] PAE data for interaction 361
  ✓ Uploaded: pae_contacts/361.json (0.01 MB)
    URL: https://rechesvudwvwhwta.public.blob.vercel-storage.com/pae_contacts/361.json
[356/442] PAE data for interaction 362
  ✓ Uploaded: pae_contacts/362.json (0.04 MB)
    URL: https://rechesvudwvwhwta.public.blob.vercel-storage.com/pae_contacts/362.json
[357/442] PAE data for interaction 363
  ✓ Uploaded: pae_contacts/363.json (0.01 MB)
    URL: https://rechesvudwvwhwta.public.blob.vercel-storage.com/pae_contacts/363.json
[358/442] PAE data for interaction 364
  ✓ Uploaded: pae_contacts/364.json (0.04 MB)
    URL: https://rechesvudwvwhwta.public.blob.vercel-storage.com/pae_contacts/364.json
[359/442] PAE data for interaction 365
  ✓ Uploaded: pae_contacts/365.json (0.02 MB)
    URL: https://rechesvudwvwhwta.public.blob.vercel-storage.com/pae_contacts/365.json
[360/442] PAE data for interaction 366
  ✓ Uploaded: pae_contacts/366.json (0.02 MB)
    URL: https://rechesvudwvwhwta.public.blob.vercel-storage.com/pae_contacts/366.json
[361/442] PAE data for interaction 367
  ✓ Uploaded: pae_contacts/367.json (0.01 MB)
    URL: https://rechesvudwvwhwta.public.blob.vercel-storage.com/pae_contacts/367.json
[362/442] PAE data for interaction 368
  ✓ Uploaded: pae_contacts/368.json (0.01 MB)
    URL: https://rechesvudwvwhwta.public.blob.vercel-storage.com/pae_contacts/368.json
[363/442] PAE data for interaction 369
  ✓ Uploaded: pae_contacts/369.json (0.02 MB)
    URL: https://rechesvudwvwhwta.public.blob.vercel-storage.com/pae_contacts/369.json
[364/442] PAE data for interaction 370
  ✓ Uploaded: pae_contacts/370.json (0.01 MB)
    URL: https://rechesvudwvwhwta.public.blob.vercel-storage.com/pae_contacts/370.json
[365/442] PAE data for interaction 371
  ✓ Uploaded: pae_contacts/371.json (0.01 MB)
    URL: https://rechesvudwvwhwta.public.blob.vercel-storage.com/pae_contacts/371.json
[366/442] PAE data for interaction 377
  ✓ Uploaded: pae_contacts/377.json (0.03 MB)
    URL: https://rechesvudwvwhwta.public.blob.vercel-storage.com/pae_contacts/377.json
[367/442] PAE data for interaction 378
  ✓ Uploaded: pae_contacts/378.json (0.03 MB)
    URL: https://rechesvudwvwhwta.public.blob.vercel-storage.com/pae_contacts/378.json
[368/442] PAE data for interaction 379
  ✓ Uploaded: pae_contacts/379.json (0.02 MB)
    URL: https://rechesvudwvwhwta.public.blob.vercel-storage.com/pae_contacts/379.json
[369/442] PAE data for interaction 380
  ✓ Uploaded: pae_contacts/380.json (0.02 MB)
    URL: https://rechesvudwvwhwta.public.blob.vercel-storage.com/pae_contacts/380.json
[370/442] PAE data for interaction 381
  ✓ Uploaded: pae_contacts/381.json (0.01 MB)
    URL: https://rechesvudwvwhwta.public.blob.vercel-storage.com/pae_contacts/381.json
[371/442] PAE data for interaction 382
  ✓ Uploaded: pae_contacts/382.json (0.01 MB)
    URL: https://rechesvudwvwhwta.public.blob.vercel-storage.com/pae_contacts/382.json
[372/442] PAE data for interaction 383
  ✓ Uploaded: pae_contacts/383.json (0.02 MB)
    URL: https://rechesvudwvwhwta.public.blob.vercel-storage.com/pae_contacts/383.json
[373/442] PAE data for interaction 384
  ✓ Uploaded: pae_contacts/384.json (0.03 MB)
    URL: https://rechesvudwvwhwta.public.blob.vercel-storage.com/pae_contacts/384.json
[374/442] PAE data for interaction 385
  ✓ Uploaded: pae_contacts/385.json (0.02 MB)
    URL: https://rechesvudwvwhwta.public.blob.vercel-storage.com/pae_contacts/385.json
[375/442] PAE data for interaction 386
  ✓ Uploaded: pae_contacts/386.json (0.02 MB)
    URL: https://rechesvudwvwhwta.public.blob.vercel-storage.com/pae_contacts/386.json
[376/442] PAE data for interaction 387
  ✓ Uploaded: pae_contacts/387.json (0.04 MB)
    URL: https://rechesvudwvwhwta.public.blob.vercel-storage.com/pae_contacts/387.json
[377/442] PAE data for interaction 388
  ✓ Uploaded: pae_contacts/388.json (0.04 MB)
    URL: https://rechesvudwvwhwta.public.blob.vercel-storage.com/pae_contacts/388.json
[378/442] PAE data for interaction 389
  ✓ Uploaded: pae_contacts/389.json (0.01 MB)
    URL: https://rechesvudwvwhwta.public.blob.vercel-storage.com/pae_contacts/389.json
[379/442] PAE data for interaction 390
  ✓ Uploaded: pae_contacts/390.json (0.02 MB)
    URL: https://rechesvudwvwhwta.public.blob.vercel-storage.com/pae_contacts/390.json
[380/442] PAE data for interaction 391
  ✓ Uploaded: pae_contacts/391.json (0.01 MB)
    URL: https://rechesvudwvwhwta.public.blob.vercel-storage.com/pae_contacts/391.json
[381/442] PAE data for interaction 392
  ✓ Uploaded: pae_contacts/392.json (0.01 MB)
    URL: https://rechesvudwvwhwta.public.blob.vercel-storage.com/pae_contacts/392.json
[382/442] PAE data for interaction 393
  ✓ Uploaded: pae_contacts/393.json (0.01 MB)
    URL: https://rechesvudwvwhwta.public.blob.vercel-storage.com/pae_contacts/393.json
[383/442] PAE data for interaction 394
  ✓ Uploaded: pae_contacts/394.json (0.01 MB)
    URL: https://rechesvudwvwhwta.public.blob.vercel-storage.com/pae_contacts/394.json
[384/442] PAE data for interaction 395
  ✓ Uploaded: pae_contacts/395.json (0.01 MB)
    URL: https://rechesvudwvwhwta.public.blob.vercel-storage.com/pae_contacts/395.json
[385/442] PAE data for interaction 396
  ✓ Uploaded: pae_contacts/396.json (0.01 MB)
    URL: https://rechesvudwvwhwta.public.blob.vercel-storage.com/pae_contacts/396.json
[386/442] PAE data for interaction 397
  ✓ Uploaded: pae_contacts/397.json (0.02 MB)
    URL: https://rechesvudwvwhwta.public.blob.vercel-storage.com/pae_contacts/397.json
[387/442] PAE data for interaction 398
  ✓ Uploaded: pae_contacts/398.json (0.02 MB)
    URL: https://rechesvudwvwhwta.public.blob.vercel-storage.com/pae_contacts/398.json
[388/442] PAE data for interaction 399
  ✓ Uploaded: pae_contacts/399.json (0.01 MB)
    URL: https://rechesvudwvwhwta.public.blob.vercel-storage.com/pae_contacts/399.json
[389/442] PAE data for interaction 400
  ✓ Uploaded: pae_contacts/400.json (0.00 MB)
    URL: https://rechesvudwvwhwta.public.blob.vercel-storage.com/pae_contacts/400.json
[390/442] PAE data for interaction 401
  ✓ Uploaded: pae_contacts/401.json (0.06 MB)
    URL: https://rechesvudwvwhwta.public.blob.vercel-storage.com/pae_contacts/401.json
[391/442] PAE data for interaction 402
  ✓ Uploaded: pae_contacts/402.json (0.02 MB)
    URL: https://rechesvudwvwhwta.public.blob.vercel-storage.com/pae_contacts/402.json
[392/442] PAE data for interaction 403
  ✓ Uploaded: pae_contacts/403.json (0.02 MB)
    URL: https://rechesvudwvwhwta.public.blob.vercel-storage.com/pae_contacts/403.json
[393/442] PAE data for interaction 404
  ✓ Uploaded: pae_contacts/404.json (0.01 MB)
    URL: https://rechesvudwvwhwta.public.blob.vercel-storage.com/pae_contacts/404.json
[394/442] PAE data for interaction 405
  ✓ Uploaded: pae_contacts/405.json (0.01 MB)
    URL: https://rechesvudwvwhwta.public.blob.vercel-storage.com/pae_contacts/405.json
[395/442] PAE data for interaction 406
  ✓ Uploaded: pae_contacts/406.json (0.01 MB)
    URL: https://rechesvudwvwhwta.public.blob.vercel-storage.com/pae_contacts/406.json
[396/442] PAE data for interaction 407
  ✓ Uploaded: pae_contacts/407.json (0.01 MB)
    URL: https://rechesvudwvwhwta.public.blob.vercel-storage.com/pae_contacts/407.json
[397/442] PAE data for interaction 408
  ✓ Uploaded: pae_contacts/408.json (0.01 MB)
    URL: https://rechesvudwvwhwta.public.blob.vercel-storage.com/pae_contacts/408.json
[398/442] PAE data for interaction 409
  ✓ Uploaded: pae_contacts/409.json (0.02 MB)
    URL: https://rechesvudwvwhwta.public.blob.vercel-storage.com/pae_contacts/409.json
[399/442] PAE data for interaction 410
  ✓ Uploaded: pae_contacts/410.json (0.01 MB)
    URL: https://rechesvudwvwhwta.public.blob.vercel-storage.com/pae_contacts/410.json
[400/442] PAE data for interaction 411
  ✓ Uploaded: pae_contacts/411.json (0.02 MB)
    URL: https://rechesvudwvwhwta.public.blob.vercel-storage.com/pae_contacts/411.json
[401/442] PAE data for interaction 412
  ✓ Uploaded: pae_contacts/412.json (0.01 MB)
    URL: https://rechesvudwvwhwta.public.blob.vercel-storage.com/pae_contacts/412.json
[402/442] PAE data for interaction 413
  ✓ Uploaded: pae_contacts/413.json (0.01 MB)
    URL: https://rechesvudwvwhwta.public.blob.vercel-storage.com/pae_contacts/413.json
[403/442] PAE data for interaction 414
  ✓ Uploaded: pae_contacts/414.json (0.01 MB)
    URL: https://rechesvudwvwhwta.public.blob.vercel-storage.com/pae_contacts/414.json
[404/442] PAE data for interaction 415
  ✓ Uploaded: pae_contacts/415.json (0.02 MB)
    URL: https://rechesvudwvwhwta.public.blob.vercel-storage.com/pae_contacts/415.json
[405/442] PAE data for interaction 416
  ✓ Uploaded: pae_contacts/416.json (0.01 MB)
    URL: https://rechesvudwvwhwta.public.blob.vercel-storage.com/pae_contacts/416.json
[406/442] PAE data for interaction 417
  ✓ Uploaded: pae_contacts/417.json (0.02 MB)
    URL: https://rechesvudwvwhwta.public.blob.vercel-storage.com/pae_contacts/417.json
[407/442] PAE data for interaction 418
  ✓ Uploaded: pae_contacts/418.json (0.01 MB)
    URL: https://rechesvudwvwhwta.public.blob.vercel-storage.com/pae_contacts/418.json
[408/442] PAE data for interaction 419
  ✓ Uploaded: pae_contacts/419.json (0.01 MB)
    URL: https://rechesvudwvwhwta.public.blob.vercel-storage.com/pae_contacts/419.json
[409/442] PAE data for interaction 420
  ✓ Uploaded: pae_contacts/420.json (0.02 MB)
    URL: https://rechesvudwvwhwta.public.blob.vercel-storage.com/pae_contacts/420.json
[410/442] PAE data for interaction 421
  ✓ Uploaded: pae_contacts/421.json (0.01 MB)
    URL: https://rechesvudwvwhwta.public.blob.vercel-storage.com/pae_contacts/421.json
[411/442] PAE data for interaction 422
  ✓ Uploaded: pae_contacts/422.json (0.02 MB)
    URL: https://rechesvudwvwhwta.public.blob.vercel-storage.com/pae_contacts/422.json
[412/442] PAE data for interaction 423
  ✓ Uploaded: pae_contacts/423.json (0.01 MB)
    URL: https://rechesvudwvwhwta.public.blob.vercel-storage.com/pae_contacts/423.json
[413/442] PAE data for interaction 424
  ✓ Uploaded: pae_contacts/424.json (0.02 MB)
    URL: https://rechesvudwvwhwta.public.blob.vercel-storage.com/pae_contacts/424.json
[414/442] PAE data for interaction 425
  ✓ Uploaded: pae_contacts/425.json (0.01 MB)
    URL: https://rechesvudwvwhwta.public.blob.vercel-storage.com/pae_contacts/425.json
[415/442] PAE data for interaction 426
  ✓ Uploaded: pae_contacts/426.json (0.01 MB)
    URL: https://rechesvudwvwhwta.public.blob.vercel-storage.com/pae_contacts/426.json
[416/442] PAE data for interaction 427
  ✓ Uploaded: pae_contacts/427.json (0.02 MB)
    URL: https://rechesvudwvwhwta.public.blob.vercel-storage.com/pae_contacts/427.json
[417/442] PAE data for interaction 428
  ✓ Uploaded: pae_contacts/428.json (0.01 MB)
    URL: https://rechesvudwvwhwta.public.blob.vercel-storage.com/pae_contacts/428.json
[418/442] PAE data for interaction 429
  ✓ Uploaded: pae_contacts/429.json (0.01 MB)
    URL: https://rechesvudwvwhwta.public.blob.vercel-storage.com/pae_contacts/429.json
[419/442] PAE data for interaction 430
  ✓ Uploaded: pae_contacts/430.json (0.01 MB)
    URL: https://rechesvudwvwhwta.public.blob.vercel-storage.com/pae_contacts/430.json
[420/442] PAE data for interaction 431
  ✓ Uploaded: pae_contacts/431.json (0.02 MB)
    URL: https://rechesvudwvwhwta.public.blob.vercel-storage.com/pae_contacts/431.json
[421/442] PAE data for interaction 432
  ✓ Uploaded: pae_contacts/432.json (0.01 MB)
    URL: https://rechesvudwvwhwta.public.blob.vercel-storage.com/pae_contacts/432.json
[422/442] PAE data for interaction 433
  ✓ Uploaded: pae_contacts/433.json (0.01 MB)
    URL: https://rechesvudwvwhwta.public.blob.vercel-storage.com/pae_contacts/433.json
[423/442] PAE data for interaction 434
  ✓ Uploaded: pae_contacts/434.json (0.02 MB)
    URL: https://rechesvudwvwhwta.public.blob.vercel-storage.com/pae_contacts/434.json
[424/442] PAE data for interaction 435
  ✓ Uploaded: pae_contacts/435.json (0.01 MB)
    URL: https://rechesvudwvwhwta.public.blob.vercel-storage.com/pae_contacts/435.json
[425/442] PAE data for interaction 436
  ✓ Uploaded: pae_contacts/436.json (0.01 MB)
    URL: https://rechesvudwvwhwta.public.blob.vercel-storage.com/pae_contacts/436.json
[426/442] PAE data for interaction 437
  ✓ Uploaded: pae_contacts/437.json (0.06 MB)
    URL: https://rechesvudwvwhwta.public.blob.vercel-storage.com/pae_contacts/437.json
[427/442] PAE data for interaction 438
  ✓ Uploaded: pae_contacts/438.json (0.02 MB)
    URL: https://rechesvudwvwhwta.public.blob.vercel-storage.com/pae_contacts/438.json
[428/442] PAE data for interaction 439
  ✓ Uploaded: pae_contacts/439.json (0.04 MB)
    URL: https://rechesvudwvwhwta.public.blob.vercel-storage.com/pae_contacts/439.json
[429/442] PAE data for interaction 952
  ✓ Uploaded: pae_contacts/952.json (0.03 MB)
    URL: https://rechesvudwvwhwta.public.blob.vercel-storage.com/pae_contacts/952.json
[430/442] PAE data for interaction 953
  ✓ Uploaded: pae_contacts/953.json (0.03 MB)
    URL: https://rechesvudwvwhwta.public.blob.vercel-storage.com/pae_contacts/953.json
[431/442] PAE data for interaction 954
  ✓ Uploaded: pae_contacts/954.json (0.02 MB)
    URL: https://rechesvudwvwhwta.public.blob.vercel-storage.com/pae_contacts/954.json
[432/442] PAE data for interaction 955
  ✓ Uploaded: pae_contacts/955.json (0.01 MB)
    URL: https://rechesvudwvwhwta.public.blob.vercel-storage.com/pae_contacts/955.json
[433/442] PAE data for interaction 985
  ✓ Uploaded: pae_contacts/985.json (0.03 MB)
    URL: https://rechesvudwvwhwta.public.blob.vercel-storage.com/pae_contacts/985.json
[434/442] PAE data for interaction 986
  ✓ Uploaded: pae_contacts/986.json (0.03 MB)
    URL: https://rechesvudwvwhwta.public.blob.vercel-storage.com/pae_contacts/986.json
[435/442] PAE data for interaction 987
  ✓ Uploaded: pae_contacts/987.json (0.04 MB)
    URL: https://rechesvudwvwhwta.public.blob.vercel-storage.com/pae_contacts/987.json
[436/442] PAE data for interaction 988
  ✓ Uploaded: pae_contacts/988.json (0.00 MB)
    URL: https://rechesvudwvwhwta.public.blob.vercel-storage.com/pae_contacts/988.json
[437/442] PAE data for interaction 989
  ✓ Uploaded: pae_contacts/989.json (0.02 MB)
    URL: https://rechesvudwvwhwta.public.blob.vercel-storage.com/pae_contacts/989.json
[438/442] PAE data for interaction 990
  ✓ Uploaded: pae_contacts/990.json (0.01 MB)
    URL: https://rechesvudwvwhwta.public.blob.vercel-storage.com/pae_contacts/990.json
[439/442] PAE data for interaction 991
  ✓ Uploaded: pae_contacts/991.json (0.01 MB)
    URL: https://rechesvudwvwhwta.public.blob.vercel-storage.com/pae_contacts/991.json
[440/442] PAE data for interaction 992
  ✓ Uploaded: pae_contacts/992.json (0.01 MB)
    URL: https://rechesvudwvwhwta.public.blob.vercel-storage.com/pae_contacts/992.json
[441/442] PAE data for interaction 993
  ✓ Uploaded: pae_contacts/993.json (0.01 MB)
    URL: https://rechesvudwvwhwta.public.blob.vercel-storage.com/pae_contacts/993.json
[442/442] PAE data for interaction 994
  ✓ Uploaded: pae_contacts/994.json (0.01 MB)
    URL: https://rechesvudwvwhwta.public.blob.vercel-storage.com/pae_contacts/994.json

================================================================================
UPLOAD SUMMARY
================================================================================

CIF Files:
  Total:    0
  Uploaded: 0
  Skipped:  0
  Failed:   0
  Size:     0.00 MB

PAE Contact Files:
  Total:    442
  Uploaded: 442
  Skipped:  0
  Failed:   0
  Size:     7.48 MB

Total:
  Files:    442
  Size:     7.48 MB (0.007 GB)
  Free tier: 1.00 GB (1017 MB remaining)

✅ Upload complete!
